<?xml version="1.0" encoding="UTF-8"?>
<!-- Generated by org.testng.reporters.JUnitReportReporter -->
<testsuite skipped="1" hostname="LAPTOP-217KCUK4" name="org.TestNG.BrowserLaunch" tests="5" failures="0" timestamp="27 Jan 2022 05:34:22 GMT" time="24.168" errors="0">
  <testcase name="tc1" time="6.160" classname="org.TestNG.BrowserLaunch"/>
  <testcase name="tc2" time="4.588" classname="org.TestNG.BrowserLaunch"/>
  <testcase name="tc2" time="3.383" classname="org.TestNG.BrowserLaunch"/>
  <testcase name="tc2" time="10.037" classname="org.TestNG.BrowserLaunch"/>
  <testcase name="tc3" classname="org.TestNG.BrowserLaunch">
    <skipped/>
  </testcase> <!-- tc3 -->
</testsuite> <!-- org.TestNG.BrowserLaunch -->
