<?xml version="1.0" encoding="UTF-8"?>
<!-- Generated by org.testng.reporters.JUnitReportReporter -->
<testsuite skipped="0" hostname="LAPTOP-217KCUK4" name="org.TestNG.LaunchBrowser" tests="1" failures="0" timestamp="28 Jan 2022 03:42:30 GMT" time="0.008" errors="0">
  <testcase name="tc3" time="0.008" classname="org.TestNG.LaunchBrowser"/>
</testsuite> <!-- org.TestNG.LaunchBrowser -->
