<?xml version="1.0" encoding="UTF-8"?>
<!-- Generated by org.testng.reporters.JUnitReportReporter -->
<testsuite skipped="0" hostname="LAPTOP-217KCUK4" name="org.TestNG.ParallelBrowser" tests="3" failures="0" timestamp="28 Jan 2022 08:45:09 GMT" time="0.011" errors="0">
  <testcase name="tc11" time="0.009" classname="org.TestNG.ParallelBrowser"/>
  <testcase name="tc33" time="0.001" classname="org.TestNG.ParallelBrowser"/>
  <testcase name="tc22" time="0.001" classname="org.TestNG.ParallelBrowser"/>
</testsuite> <!-- org.TestNG.ParallelBrowser -->
