<?xml version="1.0" encoding="UTF-8"?>
<!-- Generated by org.testng.reporters.JUnitReportReporter -->
<testsuite skipped="0" hostname="LAPTOP-217KCUK4" name="org.TestNG.ParallelLaunch" tests="3" failures="0" timestamp="28 Jan 2022 08:45:09 GMT" time="0.012" errors="0">
  <testcase name="tc2" time="0.001" classname="org.TestNG.ParallelLaunch"/>
  <testcase name="tc3" time="0.002" classname="org.TestNG.ParallelLaunch"/>
  <testcase name="tc1" time="0.009" classname="org.TestNG.ParallelLaunch"/>
</testsuite> <!-- org.TestNG.ParallelLaunch -->
