<?xml version="1.0" encoding="UTF-8"?>
<!-- Generated by org.testng.reporters.JUnitReportReporter -->
<testsuite skipped="0" hostname="LAPTOP-217KCUK4" name="org.TestNG.BrowserData" tests="4" failures="0" timestamp="27 Jan 2022 06:37:42 GMT" time="24.370" errors="0">
  <testcase name="tc1" time="8.701" classname="org.TestNG.BrowserData"/>
  <testcase name="tc1" time="2.976" classname="org.TestNG.BrowserData"/>
  <testcase name="tc1" time="3.575" classname="org.TestNG.BrowserData"/>
  <testcase name="tc1" time="9.118" classname="org.TestNG.BrowserData"/>
</testsuite> <!-- org.TestNG.BrowserData -->
