<?xml version="1.0" encoding="UTF-8"?>
<!-- Generated by org.testng.reporters.JUnitReportReporter -->
<testsuite skipped="0" hostname="LAPTOP-217KCUK4" name="org.TestNG.CrossBrowser" tests="3" failures="0" timestamp="28 Jan 2022 09:04:29 GMT" time="38.862" errors="0">
  <testcase name="tc1" time="13.988" classname="org.TestNG.CrossBrowser"/>
  <testcase name="tc1" time="19.276" classname="org.TestNG.CrossBrowser"/>
  <testcase name="tc1" time="5.598" classname="org.TestNG.CrossBrowser"/>
</testsuite> <!-- org.TestNG.CrossBrowser -->
