<?xml version="1.0" encoding="UTF-8"?>
<!-- Generated by org.testng.reporters.JUnitReportReporter -->
<testsuite skipped="0" hostname="LAPTOP-217KCUK4" name="org.TestNG.Launchbrowser1" tests="3" failures="0" timestamp="28 Jan 2022 03:42:30 GMT" time="0.002" errors="0">
  <testcase name="tc11" time="0.001" classname="org.TestNG.Launchbrowser1"/>
  <testcase name="tc22" time="0.000" classname="org.TestNG.Launchbrowser1"/>
  <testcase name="tc33" time="0.001" classname="org.TestNG.Launchbrowser1"/>
</testsuite> <!-- org.TestNG.Launchbrowser1 -->
