<?xml version="1.0" encoding="UTF-8"?>
<!-- Generated by org.testng.reporters.JUnitReportReporter -->
<testsuite skipped="0" hostname="LAPTOP-217KCUK4" name="org.TestNG.Client" tests="3" failures="0" timestamp="27 Jan 2022 06:03:05 GMT" time="0.000" errors="0">
  <testcase name="tc1" time="0.000" classname="org.TestNG.Client"/>
  <testcase name="tc2" time="0.000" classname="org.TestNG.Client"/>
  <testcase name="tc3" time="0.000" classname="org.TestNG.Client"/>
</testsuite> <!-- org.TestNG.Client -->
