<?xml version="1.0" encoding="UTF-8"?>
<!-- Generated by org.testng.reporters.JUnitReportReporter -->
<testsuite skipped="0" hostname="LAPTOP-217KCUK4" name="org.TestNG.BrowserParameters" tests="3" failures="0" timestamp="27 Jan 2022 06:04:44 GMT" time="9.833" errors="0">
  <testcase name="tc1" time="2.905" classname="org.TestNG.BrowserParameters"/>
  <testcase name="tc2" time="3.997" classname="org.TestNG.BrowserParameters"/>
  <testcase name="tc3" time="2.931" classname="org.TestNG.BrowserParameters"/>
</testsuite> <!-- org.TestNG.BrowserParameters -->
