<?xml version="1.0" encoding="UTF-8"?>
<!-- Generated by org.testng.reporters.JUnitReportReporter -->
<testsuite skipped="0" hostname="LAPTOP-217KCUK4" name="org.TestNG.Validation" tests="1" failures="0" timestamp="28 Jan 2022 03:51:22 GMT" time="4.310" errors="0">
  <testcase name="tc1" time="4.310" classname="org.TestNG.Validation"/>
</testsuite> <!-- org.TestNG.Validation -->
