<?xml version="1.0" encoding="UTF-8"?>
<!-- Generated by org.testng.reporters.JUnitReportReporter -->
<testsuite skipped="0" hostname="LAPTOP-217KCUK4" name="org.TestNG.Employee" tests="3" failures="0" timestamp="27 Jan 2022 06:03:05 GMT" time="0.016" errors="0">
  <testcase name="tc11" time="0.016" classname="org.TestNG.Employee"/>
  <testcase name="tc22" time="0.000" classname="org.TestNG.Employee"/>
  <testcase name="tc33" time="0.000" classname="org.TestNG.Employee"/>
</testsuite> <!-- org.TestNG.Employee -->
